{"name": "Check the screenshot switching", "status": "failed", "statusDetails": {"message": "AssertionError: No element in vision ('css selector', '.product-thumb')", "trace": "self = <page_objects.MainPage.MainPage object at 0x000002098CCF97F0>, locator = ('css selector', '.product-thumb')\n\n    def elements(self, locator: tuple):\n        try:\n            self.logger.debug(\n                \"%s: Check if elements %s is present\" % (self.class_name, str(locator))\n            )\n>           return WebDriverWait(self.driver, 5).until(EC.visibility_of_all_elements_located(locator))\n\nlocator    = ('css selector', '.product-thumb')\nself       = <page_objects.MainPage.MainPage object at 0x000002098CCF97F0>\n\npage_objects\\BasePage.py:61: \n_ _ _ _ _ _ _ _ _ _ _ _ _ _ _ _ _ _ _ _ _ _ _ _ _ _ _ _ _ _ _ _ _ _ _ _ _ _ _ _ _ _ _ _ _ _ _ _ _ _ _ _ _ _ _ _ _ _ _ _ _ _ _ _ _ _ _ _ _ _ _ _ _ _ _ _ _ _ _ _ _ _ _ _ _ _ _ _ _ _ _ _ _ _ _ _ _ _ _ _ _ _ _ _ _ _ _ _ _ _\n\nself = <selenium.webdriver.support.wait.WebDriverWait (session=\"c1eb4892-0193-42c7-bb1b-aa923e9c7e0e\")>, method = <function visibility_of_all_elements_located.<locals>._predicate at 0x000002098CD51760>, message = ''\n\n    def until(self, method: Callable[[D], Union[Literal[False], T]], message: str = \"\") -> T:\n        \"\"\"Calls the method provided with the driver as an argument until the \\\n        return value does not evaluate to ``False``.\n    \n        :param method: callable(WebDriver)\n        :param message: optional message for :exc:`TimeoutException`\n        :returns: the result of the last call to `method`\n        :raises: :exc:`selenium.common.exceptions.TimeoutException` if timeout occurs\n        \"\"\"\n        screen = None\n        stacktrace = None\n    \n        end_time = time.monotonic() + self._timeout\n        while True:\n            try:\n                value = method(self._driver)\n                if value:\n                    return value\n            except self._ignored_exceptions as exc:\n                screen = getattr(exc, \"screen\", None)\n                stacktrace = getattr(exc, \"stacktrace\", None)\n            time.sleep(self._poll)\n            if time.monotonic() > end_time:\n                break\n>       raise TimeoutException(message, screen, stacktrace)\nE       selenium.common.exceptions.TimeoutException: Message:\n\nend_time   = 30681.875\nmessage    = ''\nmethod     = <function visibility_of_all_elements_located.<locals>._predicate at 0x000002098CD51760>\nscreen     = None\nself       = <selenium.webdriver.support.wait.WebDriverWait (session=\"c1eb4892-0193-42c7-bb1b-aa923e9c7e0e\")>\nstacktrace = None\nvalue      = []\n\nC:\\Python312\\Lib\\site-packages\\selenium\\webdriver\\support\\wait.py:105: TimeoutException\n\nDuring handling of the above exception, another exception occurred:\n\ndriver = <selenium.webdriver.remote.webdriver.WebDriver (session=\"c1eb4892-0193-42c7-bb1b-aa923e9c7e0e\")>\n\n    @allure.feature(\"Product\")\n    @allure.title(\"Check the screenshot switching\")\n    def test_product_screens(driver):\n>       MainPage(driver).click_featured_product(3)\n\ndriver     = <selenium.webdriver.remote.webdriver.WebDriver (session=\"c1eb4892-0193-42c7-bb1b-aa923e9c7e0e\")>\n\nselenium_cp7.py:18: \n_ _ _ _ _ _ _ _ _ _ _ _ _ _ _ _ _ _ _ _ _ _ _ _ _ _ _ _ _ _ _ _ _ _ _ _ _ _ _ _ _ _ _ _ _ _ _ _ _ _ _ _ _ _ _ _ _ _ _ _ _ _ _ _ _ _ _ _ _ _ _ _ _ _ _ _ _ _ _ _ _ _ _ _ _ _ _ _ _ _ _ _ _ _ _ _ _ _ _ _ _ _ _ _ _ _ _ _ _ _\npage_objects\\MainPage.py:36: in click_featured_product\n    self.choose_featured_product(index).click()\n        index      = 3\n        self       = <page_objects.MainPage.MainPage object at 0x000002098CCF97F0>\npage_objects\\MainPage.py:30: in choose_featured_product\n    selected_product = self.elements(self.FEATURED_PRODUCTS)[index]\n        index      = 3\n        self       = <page_objects.MainPage.MainPage object at 0x000002098CCF97F0>\n_ _ _ _ _ _ _ _ _ _ _ _ _ _ _ _ _ _ _ _ _ _ _ _ _ _ _ _ _ _ _ _ _ _ _ _ _ _ _ _ _ _ _ _ _ _ _ _ _ _ _ _ _ _ _ _ _ _ _ _ _ _ _ _ _ _ _ _ _ _ _ _ _ _ _ _ _ _ _ _ _ _ _ _ _ _ _ _ _ _ _ _ _ _ _ _ _ _ _ _ _ _ _ _ _ _ _ _ _ _\n\nself = <page_objects.MainPage.MainPage object at 0x000002098CCF97F0>, locator = ('css selector', '.product-thumb')\n\n    def elements(self, locator: tuple):\n        try:\n            self.logger.debug(\n                \"%s: Check if elements %s is present\" % (self.class_name, str(locator))\n            )\n            return WebDriverWait(self.driver, 5).until(EC.visibility_of_all_elements_located(locator))\n        except TimeoutException:\n>           raise AssertionError(f\"No element in vision {locator}\")\nE           AssertionError: No element in vision ('css selector', '.product-thumb')\n\nlocator    = ('css selector', '.product-thumb')\nself       = <page_objects.MainPage.MainPage object at 0x000002098CCF97F0>\n\npage_objects\\BasePage.py:63: AssertionError"}, "attachments": [{"name": "log", "source": "7c8bc2b2-8be6-43f3-b397-7d0b489440ef-attachment.txt", "type": "text/plain"}], "start": 1717746292152, "stop": 1717746297663, "uuid": "62c7d937-447e-427e-adf5-e3a50a93c372", "historyId": "a5ff1fe51169e77b4a05190e15002495", "testCaseId": "a5ff1fe51169e77b4a05190e15002495", "fullName": "selenium_cp7#test_product_screens", "labels": [{"name": "feature", "value": "Product"}, {"name": "suite", "value": "selenium_cp7"}, {"name": "host", "value": "DESKTOP-RTLEB7L"}, {"name": "thread", "value": "29700-MainThread"}, {"name": "framework", "value": "pytest"}, {"name": "language", "value": "cpython3"}, {"name": "package", "value": "selenium_cp7"}]}