{"name": "Add single product to wishlist", "status": "failed", "statusDetails": {"message": "AssertionError: No element in vision ('css selector', 'div.nav.float-end > ul > li')", "trace": "self = <page_objects.MainPage.MainPage object at 0x000001D2ED0C2060>\nlocator = ('css selector', 'div.nav.float-end > ul > li')\n\n    def elements(self, locator: tuple):\n        try:\n            self.logger.debug(\n                \"%s: Check if elements %s is present\" % (self.class_name, str(locator))\n            )\n>           return WebDriverWait(self.driver, 5).until(EC.visibility_of_all_elements_located(locator))\n\nlocator    = ('css selector', 'div.nav.float-end > ul > li')\nself       = <page_objects.MainPage.MainPage object at 0x000001D2ED0C2060>\n\npage_objects\\BasePage.py:61: \n_ _ _ _ _ _ _ _ _ _ _ _ _ _ _ _ _ _ _ _ _ _ _ _ _ _ _ _ _ _ _ _ _ _ _ _ _ _ _\n\nself = <selenium.webdriver.support.wait.WebDriverWait (session=\"27536980-abcb-4d91-b225-31f62834dc06\")>\nmethod = <function visibility_of_all_elements_located.<locals>._predicate at 0x000001D2ED044400>\nmessage = ''\n\n    def until(self, method: Callable[[D], Union[Literal[False], T]], message: str = \"\") -> T:\n        \"\"\"Calls the method provided with the driver as an argument until the \\\n        return value does not evaluate to ``False``.\n    \n        :param method: callable(WebDriver)\n        :param message: optional message for :exc:`TimeoutException`\n        :returns: the result of the last call to `method`\n        :raises: :exc:`selenium.common.exceptions.TimeoutException` if timeout occurs\n        \"\"\"\n        screen = None\n        stacktrace = None\n    \n        end_time = time.monotonic() + self._timeout\n        while True:\n            try:\n                value = method(self._driver)\n                if value:\n                    return value\n            except self._ignored_exceptions as exc:\n                screen = getattr(exc, \"screen\", None)\n                stacktrace = getattr(exc, \"stacktrace\", None)\n            time.sleep(self._poll)\n            if time.monotonic() > end_time:\n                break\n>       raise TimeoutException(message, screen, stacktrace)\nE       selenium.common.exceptions.TimeoutException: Message:\n\nend_time   = 29208.343\nmessage    = ''\nmethod     = <function visibility_of_all_elements_located.<locals>._predicate at 0x000001D2ED044400>\nscreen     = None\nself       = <selenium.webdriver.support.wait.WebDriverWait (session=\"27536980-abcb-4d91-b225-31f62834dc06\")>\nstacktrace = None\nvalue      = []\n\nC:\\Python312\\Lib\\site-packages\\selenium\\webdriver\\support\\wait.py:105: TimeoutException\n\nDuring handling of the above exception, another exception occurred:\n\ndriver = <selenium.webdriver.remote.webdriver.WebDriver (session=\"27536980-abcb-4d91-b225-31f62834dc06\")>\n\n    @allure.feature(\"Wishlist\")\n    @allure.story(\"Add product to cart\")\n    @allure.title(\"Add single product to wishlist\")\n    def test_add_product_to_wishlist(driver):\n    \n        # авторизация\n>       MainPage(driver).go_to_Login_Page()\n\ndriver     = <selenium.webdriver.remote.webdriver.WebDriver (session=\"27536980-abcb-4d91-b225-31f62834dc06\")>\n\nselenium_cp7.py:89: \n_ _ _ _ _ _ _ _ _ _ _ _ _ _ _ _ _ _ _ _ _ _ _ _ _ _ _ _ _ _ _ _ _ _ _ _ _ _ _\npage_objects\\MainPage.py:88: in go_to_Login_Page\n    self.elements(self.TOP_RIGHT_MENU)[1].click()\n        self       = <page_objects.MainPage.MainPage object at 0x000001D2ED0C2060>\n_ _ _ _ _ _ _ _ _ _ _ _ _ _ _ _ _ _ _ _ _ _ _ _ _ _ _ _ _ _ _ _ _ _ _ _ _ _ _\n\nself = <page_objects.MainPage.MainPage object at 0x000001D2ED0C2060>\nlocator = ('css selector', 'div.nav.float-end > ul > li')\n\n    def elements(self, locator: tuple):\n        try:\n            self.logger.debug(\n                \"%s: Check if elements %s is present\" % (self.class_name, str(locator))\n            )\n            return WebDriverWait(self.driver, 5).until(EC.visibility_of_all_elements_located(locator))\n        except TimeoutException:\n>           raise AssertionError(f\"No element in vision {locator}\")\nE           AssertionError: No element in vision ('css selector', 'div.nav.float-end > ul > li')\n\nlocator    = ('css selector', 'div.nav.float-end > ul > li')\nself       = <page_objects.MainPage.MainPage object at 0x000001D2ED0C2060>\n\npage_objects\\BasePage.py:63: AssertionError"}, "attachments": [{"name": "log", "source": "fe0c080f-4b42-4a1a-b5d5-69e4398aed63-attachment.txt", "type": "text/plain"}], "start": 1717744818617, "stop": 1717744824116, "uuid": "af1363a8-b45d-421e-8f77-06bcc27c8900", "historyId": "ddf21380f5f2c13439978ed916d6cec7", "testCaseId": "ddf21380f5f2c13439978ed916d6cec7", "fullName": "selenium_cp7#test_add_product_to_wishlist", "labels": [{"name": "story", "value": "Add product to cart"}, {"name": "feature", "value": "Wishlist"}, {"name": "suite", "value": "selenium_cp7"}, {"name": "host", "value": "DESKTOP-RTLEB7L"}, {"name": "thread", "value": "28648-MainThread"}, {"name": "framework", "value": "pytest"}, {"name": "language", "value": "cpython3"}, {"name": "package", "value": "selenium_cp7"}]}