{"name": "Check writting a review", "status": "failed", "statusDetails": {"message": "AssertionError: No element in vision ('css selector', 'div.nav.float-end > ul > li')", "trace": "self = <page_objects.MainPage.MainPage object at 0x000002098D251670>, locator = ('css selector', 'div.nav.float-end > ul > li')\n\n    def elements(self, locator: tuple):\n        try:\n            self.logger.debug(\n                \"%s: Check if elements %s is present\" % (self.class_name, str(locator))\n            )\n>           return WebDriverWait(self.driver, 5).until(EC.visibility_of_all_elements_located(locator))\n\nlocator    = ('css selector', 'div.nav.float-end > ul > li')\nself       = <page_objects.MainPage.MainPage object at 0x000002098D251670>\n\npage_objects\\BasePage.py:61: \n_ _ _ _ _ _ _ _ _ _ _ _ _ _ _ _ _ _ _ _ _ _ _ _ _ _ _ _ _ _ _ _ _ _ _ _ _ _ _ _ _ _ _ _ _ _ _ _ _ _ _ _ _ _ _ _ _ _ _ _ _ _ _ _ _ _ _ _ _ _ _ _ _ _ _ _ _ _ _ _ _ _ _ _ _ _ _ _ _ _ _ _ _ _ _ _ _ _ _ _ _ _ _ _ _ _ _ _ _ _\n\nself = <selenium.webdriver.support.wait.WebDriverWait (session=\"29b4d61b-e971-4940-8d81-2d72a714320e\")>, method = <function visibility_of_all_elements_located.<locals>._predicate at 0x000002098D1BC5E0>, message = ''\n\n    def until(self, method: Callable[[D], Union[Literal[False], T]], message: str = \"\") -> T:\n        \"\"\"Calls the method provided with the driver as an argument until the \\\n        return value does not evaluate to ``False``.\n    \n        :param method: callable(WebDriver)\n        :param message: optional message for :exc:`TimeoutException`\n        :returns: the result of the last call to `method`\n        :raises: :exc:`selenium.common.exceptions.TimeoutException` if timeout occurs\n        \"\"\"\n        screen = None\n        stacktrace = None\n    \n        end_time = time.monotonic() + self._timeout\n        while True:\n            try:\n                value = method(self._driver)\n                if value:\n                    return value\n            except self._ignored_exceptions as exc:\n                screen = getattr(exc, \"screen\", None)\n                stacktrace = getattr(exc, \"stacktrace\", None)\n            time.sleep(self._poll)\n            if time.monotonic() > end_time:\n                break\n>       raise TimeoutException(message, screen, stacktrace)\nE       selenium.common.exceptions.TimeoutException: Message:\n\nend_time   = 30807.296\nmessage    = ''\nmethod     = <function visibility_of_all_elements_located.<locals>._predicate at 0x000002098D1BC5E0>\nscreen     = None\nself       = <selenium.webdriver.support.wait.WebDriverWait (session=\"29b4d61b-e971-4940-8d81-2d72a714320e\")>\nstacktrace = None\nvalue      = []\n\nC:\\Python312\\Lib\\site-packages\\selenium\\webdriver\\support\\wait.py:105: TimeoutException\n\nDuring handling of the above exception, another exception occurred:\n\ndriver = <selenium.webdriver.remote.webdriver.WebDriver (session=\"29b4d61b-e971-4940-8d81-2d72a714320e\")>\n\n    @allure.feature(\"Product Page\")\n    @allure.title(\"Check writting a review\")\n    def test_write_review(driver):\n    \n        # авторизация\n>       MainPage(driver).go_to_Login_Page()\n\ndriver     = <selenium.webdriver.remote.webdriver.WebDriver (session=\"29b4d61b-e971-4940-8d81-2d72a714320e\")>\n\nselenium_cp7.py:163: \n_ _ _ _ _ _ _ _ _ _ _ _ _ _ _ _ _ _ _ _ _ _ _ _ _ _ _ _ _ _ _ _ _ _ _ _ _ _ _ _ _ _ _ _ _ _ _ _ _ _ _ _ _ _ _ _ _ _ _ _ _ _ _ _ _ _ _ _ _ _ _ _ _ _ _ _ _ _ _ _ _ _ _ _ _ _ _ _ _ _ _ _ _ _ _ _ _ _ _ _ _ _ _ _ _ _ _ _ _ _\npage_objects\\MainPage.py:88: in go_to_Login_Page\n    self.elements(self.TOP_RIGHT_MENU)[1].click()\n        self       = <page_objects.MainPage.MainPage object at 0x000002098D251670>\n_ _ _ _ _ _ _ _ _ _ _ _ _ _ _ _ _ _ _ _ _ _ _ _ _ _ _ _ _ _ _ _ _ _ _ _ _ _ _ _ _ _ _ _ _ _ _ _ _ _ _ _ _ _ _ _ _ _ _ _ _ _ _ _ _ _ _ _ _ _ _ _ _ _ _ _ _ _ _ _ _ _ _ _ _ _ _ _ _ _ _ _ _ _ _ _ _ _ _ _ _ _ _ _ _ _ _ _ _ _\n\nself = <page_objects.MainPage.MainPage object at 0x000002098D251670>, locator = ('css selector', 'div.nav.float-end > ul > li')\n\n    def elements(self, locator: tuple):\n        try:\n            self.logger.debug(\n                \"%s: Check if elements %s is present\" % (self.class_name, str(locator))\n            )\n            return WebDriverWait(self.driver, 5).until(EC.visibility_of_all_elements_located(locator))\n        except TimeoutException:\n>           raise AssertionError(f\"No element in vision {locator}\")\nE           AssertionError: No element in vision ('css selector', 'div.nav.float-end > ul > li')\n\nlocator    = ('css selector', 'div.nav.float-end > ul > li')\nself       = <page_objects.MainPage.MainPage object at 0x000002098D251670>\n\npage_objects\\BasePage.py:63: AssertionError"}, "attachments": [{"name": "log", "source": "8804f44f-9cc3-44f4-8436-3596ec38d232-attachment.txt", "type": "text/plain"}], "start": 1717746417584, "stop": 1717746423080, "uuid": "178e8c76-c393-447e-be1d-c50de207341f", "historyId": "992d1739886de5e805dd93ca54520ef5", "testCaseId": "992d1739886de5e805dd93ca54520ef5", "fullName": "selenium_cp7#test_write_review", "labels": [{"name": "feature", "value": "Product Page"}, {"name": "suite", "value": "selenium_cp7"}, {"name": "host", "value": "DESKTOP-RTLEB7L"}, {"name": "thread", "value": "29700-MainThread"}, {"name": "framework", "value": "pytest"}, {"name": "language", "value": "cpython3"}, {"name": "package", "value": "selenium_cp7"}]}