{"name": "Check the screenshot switching", "status": "broken", "statusDetails": {"message": "selenium.common.exceptions.NoSuchElementException: Message: Unable to locate element: div.description > h4 > a; For documentation on this error, please visit: https://www.selenium.dev/documentation/webdriver/troubleshooting/errors#no-such-element-exception\nStacktrace:\nRemoteError@chrome://remote/content/shared/RemoteError.sys.mjs:8:8\nWebDriverError@chrome://remote/content/shared/webdriver/Errors.sys.mjs:193:5\nNoSuchElementError@chrome://remote/content/shared/webdriver/Errors.sys.mjs:511:5\ndom.find/</<@chrome://remote/content/shared/DOM.sys.mjs:136:16", "trace": "driver = <selenium.webdriver.remote.webdriver.WebDriver (session=\"dd6be665-f2c9-48cc-8224-c48bc8ba41b9\")>\n\n    @allure.feature(\"Product\")\n    @allure.title(\"Check the screenshot switching\")\n    def test_product_screens(driver):\n>       MainPage(driver).click_featured_product(1)\n\ndriver     = <selenium.webdriver.remote.webdriver.WebDriver (session=\"dd6be665-f2c9-48cc-8224-c48bc8ba41b9\")>\n\nselenium_cp7.py:18: \n_ _ _ _ _ _ _ _ _ _ _ _ _ _ _ _ _ _ _ _ _ _ _ _ _ _ _ _ _ _ _ _ _ _ _ _ _ _ _\npage_objects\\MainPage.py:36: in click_featured_product\n    self.choose_featured_product(index).click()\n        index      = 1\n        self       = <page_objects.MainPage.MainPage object at 0x000001D3E1579700>\npage_objects\\MainPage.py:31: in choose_featured_product\n    return selected_product.find_element(*self.PRODUCT_LINK)\n        index      = 1\n        selected_product = <selenium.webdriver.remote.webelement.WebElement (session=\"dd6be665-f2c9-48cc-8224-c48bc8ba41b9\", element=\"80c4b95b-bcb2-4d71-bffe-93f4e449045e\")>\n        self       = <page_objects.MainPage.MainPage object at 0x000001D3E1579700>\nC:\\Python312\\Lib\\site-packages\\selenium\\webdriver\\remote\\webelement.py:417: in find_element\n    return self._execute(Command.FIND_CHILD_ELEMENT, {\"using\": by, \"value\": value})[\"value\"]\n        by         = 'css selector'\n        self       = <selenium.webdriver.remote.webelement.WebElement (session=\"dd6be665-f2c9-48cc-8224-c48bc8ba41b9\", element=\"80c4b95b-bcb2-4d71-bffe-93f4e449045e\")>\n        value      = 'div.description > h4 > a'\nC:\\Python312\\Lib\\site-packages\\selenium\\webdriver\\remote\\webelement.py:395: in _execute\n    return self._parent.execute(command, params)\n        command    = 'findChildElement'\n        params     = {'id': '80c4b95b-bcb2-4d71-bffe-93f4e449045e', 'using': 'css selector', 'value': 'div.description > h4 > a'}\n        self       = <selenium.webdriver.remote.webelement.WebElement (session=\"dd6be665-f2c9-48cc-8224-c48bc8ba41b9\", element=\"80c4b95b-bcb2-4d71-bffe-93f4e449045e\")>\nC:\\Python312\\Lib\\site-packages\\selenium\\webdriver\\remote\\webdriver.py:347: in execute\n    self.error_handler.check_response(response)\n        driver_command = 'findChildElement'\n        params     = {'using': 'css selector', 'value': 'div.description > h4 > a'}\n        response   = {'status': 404, 'value': '{\"value\":{\"error\":\"no such element\",\"message\":\"Unable to locate element: div.description > h.../content/shared/webdriver/Errors.sys.mjs:511:5\\\\ndom.find/</<@chrome://remote/content/shared/DOM.sys.mjs:136:16\\\\n\"}}'}\n        self       = <selenium.webdriver.remote.webdriver.WebDriver (session=\"dd6be665-f2c9-48cc-8224-c48bc8ba41b9\")>\n_ _ _ _ _ _ _ _ _ _ _ _ _ _ _ _ _ _ _ _ _ _ _ _ _ _ _ _ _ _ _ _ _ _ _ _ _ _ _\n\nself = <selenium.webdriver.remote.errorhandler.ErrorHandler object at 0x000001D3E1519B20>\nresponse = {'status': 404, 'value': '{\"value\":{\"error\":\"no such element\",\"message\":\"Unable to locate element: div.description > h.../content/shared/webdriver/Errors.sys.mjs:511:5\\\\ndom.find/</<@chrome://remote/content/shared/DOM.sys.mjs:136:16\\\\n\"}}'}\n\n    def check_response(self, response: Dict[str, Any]) -> None:\n        \"\"\"Checks that a JSON response from the WebDriver does not have an\n        error.\n    \n        :Args:\n         - response - The JSON response from the WebDriver server as a dictionary\n           object.\n    \n        :Raises: If the response contains an error message.\n        \"\"\"\n        status = response.get(\"status\", None)\n        if not status or status == ErrorCode.SUCCESS:\n            return\n        value = None\n        message = response.get(\"message\", \"\")\n        screen: str = response.get(\"screen\", \"\")\n        stacktrace = None\n        if isinstance(status, int):\n            value_json = response.get(\"value\", None)\n            if value_json and isinstance(value_json, str):\n                import json\n    \n                try:\n                    value = json.loads(value_json)\n                    if len(value) == 1:\n                        value = value[\"value\"]\n                    status = value.get(\"error\", None)\n                    if not status:\n                        status = value.get(\"status\", ErrorCode.UNKNOWN_ERROR)\n                        message = value.get(\"value\") or value.get(\"message\")\n                        if not isinstance(message, str):\n                            value = message\n                            message = message.get(\"message\")\n                    else:\n                        message = value.get(\"message\", None)\n                except ValueError:\n                    pass\n    \n        exception_class: Type[WebDriverException]\n        e = ErrorCode()\n        error_codes = [item for item in dir(e) if not item.startswith(\"__\")]\n        for error_code in error_codes:\n            error_info = getattr(ErrorCode, error_code)\n            if isinstance(error_info, list) and status in error_info:\n                exception_class = getattr(ExceptionMapping, error_code, WebDriverException)\n                break\n        else:\n            exception_class = WebDriverException\n    \n        if not value:\n            value = response[\"value\"]\n        if isinstance(value, str):\n            raise exception_class(value)\n        if message == \"\" and \"message\" in value:\n            message = value[\"message\"]\n    \n        screen = None  # type: ignore[assignment]\n        if \"screen\" in value:\n            screen = value[\"screen\"]\n    \n        stacktrace = None\n        st_value = value.get(\"stackTrace\") or value.get(\"stacktrace\")\n        if st_value:\n            if isinstance(st_value, str):\n                stacktrace = st_value.split(\"\\n\")\n            else:\n                stacktrace = []\n                try:\n                    for frame in st_value:\n                        line = frame.get(\"lineNumber\", \"\")\n                        file = frame.get(\"fileName\", \"<anonymous>\")\n                        if line:\n                            file = f\"{file}:{line}\"\n                        meth = frame.get(\"methodName\", \"<anonymous>\")\n                        if \"className\" in frame:\n                            meth = f\"{frame['className']}.{meth}\"\n                        msg = \"    at %s (%s)\"\n                        msg = msg % (meth, file)\n                        stacktrace.append(msg)\n                except TypeError:\n                    pass\n        if exception_class == UnexpectedAlertPresentException:\n            alert_text = None\n            if \"data\" in value:\n                alert_text = value[\"data\"].get(\"text\")\n            elif \"alert\" in value:\n                alert_text = value[\"alert\"].get(\"text\")\n            raise exception_class(message, screen, stacktrace, alert_text)  # type: ignore[call-arg]  # mypy is not smart enough here\n>       raise exception_class(message, screen, stacktrace)\nE       selenium.common.exceptions.NoSuchElementException: Message: Unable to locate element: div.description > h4 > a; For documentation on this error, please visit: https://www.selenium.dev/documentation/webdriver/troubleshooting/errors#no-such-element-exception\nE       Stacktrace:\nE       RemoteError@chrome://remote/content/shared/RemoteError.sys.mjs:8:8\nE       WebDriverError@chrome://remote/content/shared/webdriver/Errors.sys.mjs:193:5\nE       NoSuchElementError@chrome://remote/content/shared/webdriver/Errors.sys.mjs:511:5\nE       dom.find/</<@chrome://remote/content/shared/DOM.sys.mjs:136:16\n\ne          = <selenium.webdriver.remote.errorhandler.ErrorCode object at 0x000001D3E1579490>\nerror_code = 'NO_SUCH_ELEMENT'\nerror_codes = ['ELEMENT_CLICK_INTERCEPTED', 'ELEMENT_IS_NOT_SELECTABLE', 'ELEMENT_NOT_INTERACTABLE', 'ELEMENT_NOT_VISIBLE', 'IME_ENGINE_ACTIVATION_FAILED', 'IME_NOT_AVAILABLE', ...]\nerror_info = [7, 'no such element']\nexception_class = <class 'selenium.common.exceptions.NoSuchElementException'>\njson       = <module 'json' from 'C:\\\\Python312\\\\Lib\\\\json\\\\__init__.py'>\nmessage    = 'Unable to locate element: div.description > h4 > a'\nresponse   = {'status': 404, 'value': '{\"value\":{\"error\":\"no such element\",\"message\":\"Unable to locate element: div.description > h.../content/shared/webdriver/Errors.sys.mjs:511:5\\\\ndom.find/</<@chrome://remote/content/shared/DOM.sys.mjs:136:16\\\\n\"}}'}\nscreen     = None\nself       = <selenium.webdriver.remote.errorhandler.ErrorHandler object at 0x000001D3E1519B20>\nst_value   = 'RemoteError@chrome://remote/content/shared/RemoteError.sys.mjs:8:8\\nWebDriverError@chrome://remote/content/shared/web...remote/content/shared/webdriver/Errors.sys.mjs:511:5\\ndom.find/</<@chrome://remote/content/shared/DOM.sys.mjs:136:16\\n'\nstacktrace = ['RemoteError@chrome://remote/content/shared/RemoteError.sys.mjs:8:8', 'WebDriverError@chrome://remote/content/shared/...e/content/shared/webdriver/Errors.sys.mjs:511:5', 'dom.find/</<@chrome://remote/content/shared/DOM.sys.mjs:136:16', '']\nstatus     = 'no such element'\nvalue      = {'error': 'no such element', 'message': 'Unable to locate element: div.description > h4 > a', 'stacktrace': 'RemoteErr...emote/content/shared/webdriver/Errors.sys.mjs:511:5\\ndom.find/</<@chrome://remote/content/shared/DOM.sys.mjs:136:16\\n'}\nvalue_json = '{\"value\":{\"error\":\"no such element\",\"message\":\"Unable to locate element: div.description > h4 > a\",\"stacktrace\":\"Remo...e/content/shared/webdriver/Errors.sys.mjs:511:5\\\\ndom.find/</<@chrome://remote/content/shared/DOM.sys.mjs:136:16\\\\n\"}}'\n\nC:\\Python312\\Lib\\site-packages\\selenium\\webdriver\\remote\\errorhandler.py:229: NoSuchElementException"}, "attachments": [{"name": "log", "source": "803f4588-eb05-4426-a59e-ab6ad6465de6-attachment.txt", "type": "text/plain"}], "start": 1717769680210, "stop": 1717769680570, "uuid": "135a1de9-3d85-4032-a4db-bd5da833b574", "historyId": "a5ff1fe51169e77b4a05190e15002495", "testCaseId": "a5ff1fe51169e77b4a05190e15002495", "fullName": "selenium_cp7#test_product_screens", "labels": [{"name": "feature", "value": "Product"}, {"name": "suite", "value": "selenium_cp7"}, {"name": "host", "value": "DESKTOP-RTLEB7L"}, {"name": "thread", "value": "11012-MainThread"}, {"name": "framework", "value": "pytest"}, {"name": "language", "value": "cpython3"}, {"name": "package", "value": "selenium_cp7"}]}