{"name": "Change currency", "status": "failed", "statusDetails": {"message": "AssertionError: No element in vision ('css selector', '#form-currency > div.dropdown > a > strong')", "trace": "self = <page_objects.MainPage.MainPage object at 0x000001BF86D1A5A0>\nlocator = ('css selector', '#form-currency > div.dropdown > a > strong')\n\n    def element(self, locator: tuple):\n        try:\n            self.logger.debug(\n                \"%s: Check if element %s is present\" % (self.class_name, str(locator))\n            )\n>           return WebDriverWait(self.driver, 5).until(EC.visibility_of_element_located(locator))\n\nlocator    = ('css selector', '#form-currency > div.dropdown > a > strong')\nself       = <page_objects.MainPage.MainPage object at 0x000001BF86D1A5A0>\n\npage_objects\\BasePage.py:46: \n_ _ _ _ _ _ _ _ _ _ _ _ _ _ _ _ _ _ _ _ _ _ _ _ _ _ _ _ _ _ _ _ _ _ _ _ _ _ _\n\nself = <selenium.webdriver.support.wait.WebDriverWait (session=\"79c80b2a-f3d2-4d1b-887a-938de2bd7169\")>\nmethod = <function visibility_of_element_located.<locals>._predicate at 0x000001BF86D6DD00>\nmessage = ''\n\n    def until(self, method: Callable[[D], Union[Literal[False], T]], message: str = \"\") -> T:\n        \"\"\"Calls the method provided with the driver as an argument until the \\\n        return value does not evaluate to ``False``.\n    \n        :param method: callable(WebDriver)\n        :param message: optional message for :exc:`TimeoutException`\n        :returns: the result of the last call to `method`\n        :raises: :exc:`selenium.common.exceptions.TimeoutException` if timeout occurs\n        \"\"\"\n        screen = None\n        stacktrace = None\n    \n        end_time = time.monotonic() + self._timeout\n        while True:\n            try:\n                value = method(self._driver)\n                if value:\n                    return value\n            except self._ignored_exceptions as exc:\n                screen = getattr(exc, \"screen\", None)\n                stacktrace = getattr(exc, \"stacktrace\", None)\n            time.sleep(self._poll)\n            if time.monotonic() > end_time:\n                break\n>       raise TimeoutException(message, screen, stacktrace)\nE       selenium.common.exceptions.TimeoutException: Message: \nE       Stacktrace:\nE       RemoteError@chrome://remote/content/shared/RemoteError.sys.mjs:8:8\nE       WebDriverError@chrome://remote/content/shared/webdriver/Errors.sys.mjs:193:5\nE       NoSuchElementError@chrome://remote/content/shared/webdriver/Errors.sys.mjs:511:5\nE       dom.find/</<@chrome://remote/content/shared/DOM.sys.mjs:136:16\n\nend_time   = 83300.828\nmessage    = ''\nmethod     = <function visibility_of_element_located.<locals>._predicate at 0x000001BF86D6DD00>\nscreen     = None\nself       = <selenium.webdriver.support.wait.WebDriverWait (session=\"79c80b2a-f3d2-4d1b-887a-938de2bd7169\")>\nstacktrace = ['RemoteError@chrome://remote/content/shared/RemoteError.sys.mjs:8:8', 'WebDriverError@chrome://remote/content/shared/...e/content/shared/webdriver/Errors.sys.mjs:511:5', 'dom.find/</<@chrome://remote/content/shared/DOM.sys.mjs:136:16', '']\n\nC:\\Python312\\Lib\\site-packages\\selenium\\webdriver\\support\\wait.py:105: TimeoutException\n\nDuring handling of the above exception, another exception occurred:\n\ndriver = <selenium.webdriver.remote.webdriver.WebDriver (session=\"79c80b2a-f3d2-4d1b-887a-938de2bd7169\")>\n\n    @allure.feature(\"Menu\")\n    @allure.story(\"Click on menu\")\n    @allure.title(\"Change currency\")\n    def test_change_currency(driver):\n    \n>       currency_before_change = MainPage(driver).get_current_currency()\n\ndriver     = <selenium.webdriver.remote.webdriver.WebDriver (session=\"79c80b2a-f3d2-4d1b-887a-938de2bd7169\")>\n\nselenium_cp7.py:41: \n_ _ _ _ _ _ _ _ _ _ _ _ _ _ _ _ _ _ _ _ _ _ _ _ _ _ _ _ _ _ _ _ _ _ _ _ _ _ _\npage_objects\\MainPage.py:22: in get_current_currency\n    return self.element(self.CURRENCY_CURRENT).text\n        self       = <page_objects.MainPage.MainPage object at 0x000001BF86D1A5A0>\n_ _ _ _ _ _ _ _ _ _ _ _ _ _ _ _ _ _ _ _ _ _ _ _ _ _ _ _ _ _ _ _ _ _ _ _ _ _ _\n\nself = <page_objects.MainPage.MainPage object at 0x000001BF86D1A5A0>\nlocator = ('css selector', '#form-currency > div.dropdown > a > strong')\n\n    def element(self, locator: tuple):\n        try:\n            self.logger.debug(\n                \"%s: Check if element %s is present\" % (self.class_name, str(locator))\n            )\n            return WebDriverWait(self.driver, 5).until(EC.visibility_of_element_located(locator))\n        except TimeoutException:\n            allure.attach(name=\"screenshot\", body=self.driver.get_screenshot_as_png())\n>           raise AssertionError(f\"No element in vision {locator}\")\nE           AssertionError: No element in vision ('css selector', '#form-currency > div.dropdown > a > strong')\n\nlocator    = ('css selector', '#form-currency > div.dropdown > a > strong')\nself       = <page_objects.MainPage.MainPage object at 0x000001BF86D1A5A0>\n\npage_objects\\BasePage.py:49: AssertionError"}, "attachments": [{"name": "screenshot", "source": "f6dbf598-6b1f-44b8-b7df-c92626376469-attachment.attach"}, {"name": "log", "source": "530bc36a-5382-45da-8d20-b47041e5d343-attachment.txt", "type": "text/plain"}], "start": 1717798911109, "stop": 1717798917019, "uuid": "8b8f99f7-4668-4508-ada3-886694997ebe", "historyId": "3283fe3c89068fc2f0fa10ff129303a8", "testCaseId": "3283fe3c89068fc2f0fa10ff129303a8", "fullName": "selenium_cp7#test_change_currency", "labels": [{"name": "story", "value": "Click on menu"}, {"name": "feature", "value": "Menu"}, {"name": "suite", "value": "selenium_cp7"}, {"name": "host", "value": "DESKTOP-RTLEB7L"}, {"name": "thread", "value": "33968-MainThread"}, {"name": "framework", "value": "pytest"}, {"name": "language", "value": "cpython3"}, {"name": "package", "value": "selenium_cp7"}]}