{"name": "Check registration", "status": "failed", "statusDetails": {"message": "AssertionError: No element in vision ('css selector', 'div.nav.float-end > ul > li')", "trace": "self = <page_objects.MainPage.MainPage object at 0x000002900CF349B0>\nlocator = ('css selector', 'div.nav.float-end > ul > li')\n\n    def elements(self, locator: tuple):\n        try:\n            self.logger.debug(\n                \"%s: Check if elements %s is present\" % (self.class_name, str(locator))\n            )\n>           return WebDriverWait(self.driver, 5).until(EC.visibility_of_all_elements_located(locator))\n\nlocator    = ('css selector', 'div.nav.float-end > ul > li')\nself       = <page_objects.MainPage.MainPage object at 0x000002900CF349B0>\n\npage_objects\\BasePage.py:61: \n_ _ _ _ _ _ _ _ _ _ _ _ _ _ _ _ _ _ _ _ _ _ _ _ _ _ _ _ _ _ _ _ _ _ _ _ _ _ _\n\nself = <selenium.webdriver.support.wait.WebDriverWait (session=\"f18c0275-fdc7-494e-9578-2eb02571c0c1\")>\nmethod = <function visibility_of_all_elements_located.<locals>._predicate at 0x000002900CEE4680>\nmessage = ''\n\n    def until(self, method: Callable[[D], Union[Literal[False], T]], message: str = \"\") -> T:\n        \"\"\"Calls the method provided with the driver as an argument until the \\\n        return value does not evaluate to ``False``.\n    \n        :param method: callable(WebDriver)\n        :param message: optional message for :exc:`TimeoutException`\n        :returns: the result of the last call to `method`\n        :raises: :exc:`selenium.common.exceptions.TimeoutException` if timeout occurs\n        \"\"\"\n        screen = None\n        stacktrace = None\n    \n        end_time = time.monotonic() + self._timeout\n        while True:\n            try:\n                value = method(self._driver)\n                if value:\n                    return value\n            except self._ignored_exceptions as exc:\n                screen = getattr(exc, \"screen\", None)\n                stacktrace = getattr(exc, \"stacktrace\", None)\n            time.sleep(self._poll)\n            if time.monotonic() > end_time:\n                break\n>       raise TimeoutException(message, screen, stacktrace)\nE       selenium.common.exceptions.TimeoutException: Message:\n\nend_time   = 31067.234\nmessage    = ''\nmethod     = <function visibility_of_all_elements_located.<locals>._predicate at 0x000002900CEE4680>\nscreen     = None\nself       = <selenium.webdriver.support.wait.WebDriverWait (session=\"f18c0275-fdc7-494e-9578-2eb02571c0c1\")>\nstacktrace = None\nvalue      = []\n\nC:\\Python312\\Lib\\site-packages\\selenium\\webdriver\\support\\wait.py:105: TimeoutException\n\nDuring handling of the above exception, another exception occurred:\n\ndriver = <selenium.webdriver.remote.webdriver.WebDriver (session=\"f18c0275-fdc7-494e-9578-2eb02571c0c1\")>\n\n    @allure.feature(\"Register\")\n    @allure.title(\"Check registration\")\n    def test_register_user(driver):\n>       MainPage(driver).go_to_register_page()\n\ndriver     = <selenium.webdriver.remote.webdriver.WebDriver (session=\"f18c0275-fdc7-494e-9578-2eb02571c0c1\")>\n\nselenium_cp7.py:69: \n_ _ _ _ _ _ _ _ _ _ _ _ _ _ _ _ _ _ _ _ _ _ _ _ _ _ _ _ _ _ _ _ _ _ _ _ _ _ _\npage_objects\\MainPage.py:66: in go_to_register_page\n    self.elements(self.TOP_RIGHT_MENU)[1].click()\n        self       = <page_objects.MainPage.MainPage object at 0x000002900CF349B0>\n_ _ _ _ _ _ _ _ _ _ _ _ _ _ _ _ _ _ _ _ _ _ _ _ _ _ _ _ _ _ _ _ _ _ _ _ _ _ _\n\nself = <page_objects.MainPage.MainPage object at 0x000002900CF349B0>\nlocator = ('css selector', 'div.nav.float-end > ul > li')\n\n    def elements(self, locator: tuple):\n        try:\n            self.logger.debug(\n                \"%s: Check if elements %s is present\" % (self.class_name, str(locator))\n            )\n            return WebDriverWait(self.driver, 5).until(EC.visibility_of_all_elements_located(locator))\n        except TimeoutException:\n>           raise AssertionError(f\"No element in vision {locator}\")\nE           AssertionError: No element in vision ('css selector', 'div.nav.float-end > ul > li')\n\nlocator    = ('css selector', 'div.nav.float-end > ul > li')\nself       = <page_objects.MainPage.MainPage object at 0x000002900CF349B0>\n\npage_objects\\BasePage.py:63: AssertionError"}, "attachments": [{"name": "log", "source": "5fe591d3-765a-4e77-9cf8-d1a88527c6b0-attachment.txt", "type": "text/plain"}], "start": 1717746677513, "stop": 1717746682998, "uuid": "a14093ba-2dcb-44f3-90f9-255fd8b731c7", "historyId": "837e1e981c3a42046280a65f4b786753", "testCaseId": "837e1e981c3a42046280a65f4b786753", "fullName": "selenium_cp7#test_register_user", "labels": [{"name": "feature", "value": "Register"}, {"name": "suite", "value": "selenium_cp7"}, {"name": "host", "value": "DESKTOP-RTLEB7L"}, {"name": "thread", "value": "32708-MainThread"}, {"name": "framework", "value": "pytest"}, {"name": "language", "value": "cpython3"}, {"name": "package", "value": "selenium_cp7"}]}