{"name": "test_deleted_products", "status": "failed", "statusDetails": {"message": "AssertionError: No element in vision ('css selector', '#product-list > div > div:nth-child(1) > div:nth-child(2) > div:nth-child(1) > h4:nth-child(1) > a:nth-child(1)')", "trace": "self = <page_objects.SearchPage.SearchPage object at 0x000002098D25A6C0>\nlocator = ('css selector', '#product-list > div > div:nth-child(1) > div:nth-child(2) > div:nth-child(1) > h4:nth-child(1) > a:nth-child(1)')\n\n    def elements(self, locator: tuple):\n        try:\n            self.logger.debug(\n                \"%s: Check if elements %s is present\" % (self.class_name, str(locator))\n            )\n>           return WebDriverWait(self.driver, 5).until(EC.visibility_of_all_elements_located(locator))\n\nlocator    = ('css selector', '#product-list > div > div:nth-child(1) > div:nth-child(2) > div:nth-child(1) > h4:nth-child(1) > a:nth-child(1)')\nself       = <page_objects.SearchPage.SearchPage object at 0x000002098D25A6C0>\n\npage_objects\\BasePage.py:61: \n_ _ _ _ _ _ _ _ _ _ _ _ _ _ _ _ _ _ _ _ _ _ _ _ _ _ _ _ _ _ _ _ _ _ _ _ _ _ _\n\nself = <selenium.webdriver.support.wait.WebDriverWait (session=\"2b2e083b-129c-44f3-92f7-fb3d7ab94aed\")>\nmethod = <function visibility_of_all_elements_located.<locals>._predicate at 0x000002098D1BE0C0>\nmessage = ''\n\n    def until(self, method: Callable[[D], Union[Literal[False], T]], message: str = \"\") -> T:\n        \"\"\"Calls the method provided with the driver as an argument until the \\\n        return value does not evaluate to ``False``.\n    \n        :param method: callable(WebDriver)\n        :param message: optional message for :exc:`TimeoutException`\n        :returns: the result of the last call to `method`\n        :raises: :exc:`selenium.common.exceptions.TimeoutException` if timeout occurs\n        \"\"\"\n        screen = None\n        stacktrace = None\n    \n        end_time = time.monotonic() + self._timeout\n        while True:\n            try:\n                value = method(self._driver)\n                if value:\n                    return value\n            except self._ignored_exceptions as exc:\n                screen = getattr(exc, \"screen\", None)\n                stacktrace = getattr(exc, \"stacktrace\", None)\n            time.sleep(self._poll)\n            if time.monotonic() > end_time:\n                break\n>       raise TimeoutException(message, screen, stacktrace)\nE       selenium.common.exceptions.TimeoutException: Message:\n\nend_time   = 30866.046\nmessage    = ''\nmethod     = <function visibility_of_all_elements_located.<locals>._predicate at 0x000002098D1BE0C0>\nscreen     = None\nself       = <selenium.webdriver.support.wait.WebDriverWait (session=\"2b2e083b-129c-44f3-92f7-fb3d7ab94aed\")>\nstacktrace = None\nvalue      = []\n\nC:\\Python312\\Lib\\site-packages\\selenium\\webdriver\\support\\wait.py:105: TimeoutException\n\nDuring handling of the above exception, another exception occurred:\n\ndriver = <selenium.webdriver.remote.webdriver.WebDriver (session=\"2b2e083b-129c-44f3-92f7-fb3d7ab94aed\")>\n\n    def test_deleted_products(driver):\n        deleted_products = ['Keyboard GSX PRO 3000',\n                             'Mouse GSM 13']\n        existing_products = ['Keyboard GSX 1',\n                             'Mouse GSM 100']\n    \n        for product in deleted_products:\n            MainPage(driver).search(product)\n            time.sleep(1)\n>           assert product not in SearchPage(driver).get_results()\n\ndeleted_products = ['Keyboard GSX PRO 3000', 'Mouse GSM 13']\ndriver     = <selenium.webdriver.remote.webdriver.WebDriver (session=\"2b2e083b-129c-44f3-92f7-fb3d7ab94aed\")>\nexisting_products = ['Keyboard GSX 1', 'Mouse GSM 100']\nproduct    = 'Keyboard GSX PRO 3000'\n\nselenium_cp7.py:309: \n_ _ _ _ _ _ _ _ _ _ _ _ _ _ _ _ _ _ _ _ _ _ _ _ _ _ _ _ _ _ _ _ _ _ _ _ _ _ _\npage_objects\\SearchPage.py:18: in get_results\n    return [elem.text for elem in self.elements(self.RESULTS)]\n        self       = <page_objects.SearchPage.SearchPage object at 0x000002098D25A6C0>\n_ _ _ _ _ _ _ _ _ _ _ _ _ _ _ _ _ _ _ _ _ _ _ _ _ _ _ _ _ _ _ _ _ _ _ _ _ _ _\n\nself = <page_objects.SearchPage.SearchPage object at 0x000002098D25A6C0>\nlocator = ('css selector', '#product-list > div > div:nth-child(1) > div:nth-child(2) > div:nth-child(1) > h4:nth-child(1) > a:nth-child(1)')\n\n    def elements(self, locator: tuple):\n        try:\n            self.logger.debug(\n                \"%s: Check if elements %s is present\" % (self.class_name, str(locator))\n            )\n            return WebDriverWait(self.driver, 5).until(EC.visibility_of_all_elements_located(locator))\n        except TimeoutException:\n>           raise AssertionError(f\"No element in vision {locator}\")\nE           AssertionError: No element in vision ('css selector', '#product-list > div > div:nth-child(1) > div:nth-child(2) > div:nth-child(1) > h4:nth-child(1) > a:nth-child(1)')\n\nlocator    = ('css selector', '#product-list > div > div:nth-child(1) > div:nth-child(2) > div:nth-child(1) > h4:nth-child(1) > a:nth-child(1)')\nself       = <page_objects.SearchPage.SearchPage object at 0x000002098D25A6C0>\n\npage_objects\\BasePage.py:63: AssertionError"}, "attachments": [{"name": "screenshot", "source": "3ec44ebc-fe30-42d6-8a39-e3e8bd2c940b-attachment.attach"}, {"name": "log", "source": "22c3a388-03c3-40b2-80b6-f8fabf737b98-attachment.txt", "type": "text/plain"}], "start": 1717746469792, "stop": 1717746481829, "uuid": "b5fa6a39-0e96-4700-aca5-e0b7301a3b3b", "historyId": "238035d1fa770a7b537979145c65bf53", "testCaseId": "238035d1fa770a7b537979145c65bf53", "fullName": "selenium_cp7#test_deleted_products", "labels": [{"name": "suite", "value": "selenium_cp7"}, {"name": "host", "value": "DESKTOP-RTLEB7L"}, {"name": "thread", "value": "29700-MainThread"}, {"name": "framework", "value": "pytest"}, {"name": "language", "value": "cpython3"}, {"name": "package", "value": "selenium_cp7"}]}