{"name": "Check the screenshot switching", "status": "failed", "statusDetails": {"message": "AssertionError: No element in vision ('css selector', 'mb-3')", "trace": "self = <page_objects.ProductPage.ProductPage object at 0x000001FD8A479940>\nlocator = ('css selector', 'mb-3')\n\n    def element(self, locator: tuple):\n        try:\n            self.logger.debug(\n                \"%s: Check if element %s is present\" % (self.class_name, str(locator))\n            )\n>           return WebDriverWait(self.driver, 5).until(EC.visibility_of_element_located(locator))\n\nlocator    = ('css selector', 'mb-3')\nself       = <page_objects.ProductPage.ProductPage object at 0x000001FD8A479940>\n\npage_objects\\BasePage.py:46: \n_ _ _ _ _ _ _ _ _ _ _ _ _ _ _ _ _ _ _ _ _ _ _ _ _ _ _ _ _ _ _ _ _ _ _ _ _ _ _\n\nself = <selenium.webdriver.support.wait.WebDriverWait (session=\"bc4bc5d0-5164-493c-b1c3-cf0ef7dbae22\")>\nmethod = <function visibility_of_element_located.<locals>._predicate at 0x000001FD8A4D96C0>\nmessage = ''\n\n    def until(self, method: Callable[[D], Union[Literal[False], T]], message: str = \"\") -> T:\n        \"\"\"Calls the method provided with the driver as an argument until the \\\n        return value does not evaluate to ``False``.\n    \n        :param method: callable(WebDriver)\n        :param message: optional message for :exc:`TimeoutException`\n        :returns: the result of the last call to `method`\n        :raises: :exc:`selenium.common.exceptions.TimeoutException` if timeout occurs\n        \"\"\"\n        screen = None\n        stacktrace = None\n    \n        end_time = time.monotonic() + self._timeout\n        while True:\n            try:\n                value = method(self._driver)\n                if value:\n                    return value\n            except self._ignored_exceptions as exc:\n                screen = getattr(exc, \"screen\", None)\n                stacktrace = getattr(exc, \"stacktrace\", None)\n            time.sleep(self._poll)\n            if time.monotonic() > end_time:\n                break\n>       raise TimeoutException(message, screen, stacktrace)\nE       selenium.common.exceptions.TimeoutException: Message: \nE       Stacktrace:\nE       RemoteError@chrome://remote/content/shared/RemoteError.sys.mjs:8:8\nE       WebDriverError@chrome://remote/content/shared/webdriver/Errors.sys.mjs:193:5\nE       NoSuchElementError@chrome://remote/content/shared/webdriver/Errors.sys.mjs:511:5\nE       dom.find/</<@chrome://remote/content/shared/DOM.sys.mjs:136:16\n\nend_time   = 46146.453\nmessage    = ''\nmethod     = <function visibility_of_element_located.<locals>._predicate at 0x000001FD8A4D96C0>\nscreen     = None\nself       = <selenium.webdriver.support.wait.WebDriverWait (session=\"bc4bc5d0-5164-493c-b1c3-cf0ef7dbae22\")>\nstacktrace = ['RemoteError@chrome://remote/content/shared/RemoteError.sys.mjs:8:8', 'WebDriverError@chrome://remote/content/shared/...e/content/shared/webdriver/Errors.sys.mjs:511:5', 'dom.find/</<@chrome://remote/content/shared/DOM.sys.mjs:136:16', '']\n\nC:\\Python312\\Lib\\site-packages\\selenium\\webdriver\\support\\wait.py:105: TimeoutException\n\nDuring handling of the above exception, another exception occurred:\n\ndriver = <selenium.webdriver.remote.webdriver.WebDriver (session=\"bc4bc5d0-5164-493c-b1c3-cf0ef7dbae22\")>\n\n    @allure.feature(\"Product\")\n    @allure.title(\"Check the screenshot switching\")\n    def test_product_screens(driver):\n        MainPage(driver).click_featured_product(1)\n    \n>       ProductPage(driver).open_screens()\n\ndriver     = <selenium.webdriver.remote.webdriver.WebDriver (session=\"bc4bc5d0-5164-493c-b1c3-cf0ef7dbae22\")>\n\nselenium_cp7.py:20: \n_ _ _ _ _ _ _ _ _ _ _ _ _ _ _ _ _ _ _ _ _ _ _ _ _ _ _ _ _ _ _ _ _ _ _ _ _ _ _\npage_objects\\ProductPage.py:21: in open_screens\n    self.element(self.SCREEN_SWITCH_OPEN).click()\n        self       = <page_objects.ProductPage.ProductPage object at 0x000001FD8A479940>\n_ _ _ _ _ _ _ _ _ _ _ _ _ _ _ _ _ _ _ _ _ _ _ _ _ _ _ _ _ _ _ _ _ _ _ _ _ _ _\n\nself = <page_objects.ProductPage.ProductPage object at 0x000001FD8A479940>\nlocator = ('css selector', 'mb-3')\n\n    def element(self, locator: tuple):\n        try:\n            self.logger.debug(\n                \"%s: Check if element %s is present\" % (self.class_name, str(locator))\n            )\n            return WebDriverWait(self.driver, 5).until(EC.visibility_of_element_located(locator))\n        except TimeoutException:\n            allure.attach(name=\"screenshot\", body=self.driver.get_screenshot_as_png())\n>           raise AssertionError(f\"No element in vision {locator}\")\nE           AssertionError: No element in vision ('css selector', 'mb-3')\n\nlocator    = ('css selector', 'mb-3')\nself       = <page_objects.ProductPage.ProductPage object at 0x000001FD8A479940>\n\npage_objects\\BasePage.py:49: AssertionError"}, "attachments": [{"name": "screenshot", "source": "9c657338-9746-46b2-859a-0227f4a76e25-attachment.attach"}, {"name": "log", "source": "4cc9d06b-3c70-4d64-95c8-0bd9ec044bbe-attachment.txt", "type": "text/plain"}], "start": 1717761756115, "stop": 1717761762346, "uuid": "800f987e-85db-4d32-babe-5b02b53e49f6", "historyId": "a5ff1fe51169e77b4a05190e15002495", "testCaseId": "a5ff1fe51169e77b4a05190e15002495", "fullName": "selenium_cp7#test_product_screens", "labels": [{"name": "feature", "value": "Product"}, {"name": "suite", "value": "selenium_cp7"}, {"name": "host", "value": "DESKTOP-RTLEB7L"}, {"name": "thread", "value": "33964-MainThread"}, {"name": "framework", "value": "pytest"}, {"name": "language", "value": "cpython3"}, {"name": "package", "value": "selenium_cp7"}]}