{"name": "Check PC category", "status": "failed", "statusDetails": {"message": "AssertionError: No element in vision ('css selector', '#narbar-menu > ul > li')", "trace": "self = <page_objects.MainPage.MainPage object at 0x000001389030D790>\nlocator = ('css selector', '#narbar-menu > ul > li')\n\n    def elements(self, locator: tuple):\n        try:\n            self.logger.debug(\n                \"%s: Check if elements %s is present\" % (self.class_name, str(locator))\n            )\n>           return WebDriverWait(self.driver, 5).until(EC.visibility_of_all_elements_located(locator))\n\nlocator    = ('css selector', '#narbar-menu > ul > li')\nself       = <page_objects.MainPage.MainPage object at 0x000001389030D790>\n\npage_objects\\BasePage.py:61: \n_ _ _ _ _ _ _ _ _ _ _ _ _ _ _ _ _ _ _ _ _ _ _ _ _ _ _ _ _ _ _ _ _ _ _ _ _ _ _\n\nself = <selenium.webdriver.support.wait.WebDriverWait (session=\"2aed27dd-317c-4666-aee2-893c83f9216d\")>\nmethod = <function visibility_of_all_elements_located.<locals>._predicate at 0x00000138903614E0>\nmessage = ''\n\n    def until(self, method: Callable[[D], Union[Literal[False], T]], message: str = \"\") -> T:\n        \"\"\"Calls the method provided with the driver as an argument until the \\\n        return value does not evaluate to ``False``.\n    \n        :param method: callable(WebDriver)\n        :param message: optional message for :exc:`TimeoutException`\n        :returns: the result of the last call to `method`\n        :raises: :exc:`selenium.common.exceptions.TimeoutException` if timeout occurs\n        \"\"\"\n        screen = None\n        stacktrace = None\n    \n        end_time = time.monotonic() + self._timeout\n        while True:\n            try:\n                value = method(self._driver)\n                if value:\n                    return value\n            except self._ignored_exceptions as exc:\n                screen = getattr(exc, \"screen\", None)\n                stacktrace = getattr(exc, \"stacktrace\", None)\n            time.sleep(self._poll)\n            if time.monotonic() > end_time:\n                break\n>       raise TimeoutException(message, screen, stacktrace)\nE       selenium.common.exceptions.TimeoutException: Message:\n\nend_time   = 83426.625\nmessage    = ''\nmethod     = <function visibility_of_all_elements_located.<locals>._predicate at 0x00000138903614E0>\nscreen     = None\nself       = <selenium.webdriver.support.wait.WebDriverWait (session=\"2aed27dd-317c-4666-aee2-893c83f9216d\")>\nstacktrace = None\nvalue      = []\n\nC:\\Python312\\Lib\\site-packages\\selenium\\webdriver\\support\\wait.py:105: TimeoutException\n\nDuring handling of the above exception, another exception occurred:\n\ndriver = <selenium.webdriver.remote.webdriver.WebDriver (session=\"2aed27dd-317c-4666-aee2-893c83f9216d\")>\n\n    @allure.feature(\"Product category\")\n    @allure.story(\"PC caregory is empty\")\n    @allure.title(\"Check PC category\")\n    def test_PC_category_empty(driver):\n>       MainPage(driver).open_menu(0)\n\ndriver     = <selenium.webdriver.remote.webdriver.WebDriver (session=\"2aed27dd-317c-4666-aee2-893c83f9216d\")>\n\nselenium_cp7.py:60: \n_ _ _ _ _ _ _ _ _ _ _ _ _ _ _ _ _ _ _ _ _ _ _ _ _ _ _ _ _ _ _ _ _ _ _ _ _ _ _\npage_objects\\MainPage.py:52: in open_menu\n    self.elements(self.OPEN_MENU)[index].click()\n        index      = 0\n        self       = <page_objects.MainPage.MainPage object at 0x000001389030D790>\n_ _ _ _ _ _ _ _ _ _ _ _ _ _ _ _ _ _ _ _ _ _ _ _ _ _ _ _ _ _ _ _ _ _ _ _ _ _ _\n\nself = <page_objects.MainPage.MainPage object at 0x000001389030D790>\nlocator = ('css selector', '#narbar-menu > ul > li')\n\n    def elements(self, locator: tuple):\n        try:\n            self.logger.debug(\n                \"%s: Check if elements %s is present\" % (self.class_name, str(locator))\n            )\n            return WebDriverWait(self.driver, 5).until(EC.visibility_of_all_elements_located(locator))\n        except TimeoutException:\n>           raise AssertionError(f\"No element in vision {locator}\")\nE           AssertionError: No element in vision ('css selector', '#narbar-menu > ul > li')\n\nlocator    = ('css selector', '#narbar-menu > ul > li')\nself       = <page_objects.MainPage.MainPage object at 0x000001389030D790>\n\npage_objects\\BasePage.py:63: AssertionError"}, "attachments": [{"name": "log", "source": "9b7effa8-c5f7-4aee-a6b5-0e56050283b1-attachment.txt", "type": "text/plain"}], "start": 1717799036904, "stop": 1717799042361, "uuid": "0468707f-3c9f-4493-bcdf-fe1ef1152154", "historyId": "40943bace2e3c15a0b6331d3884cc094", "testCaseId": "40943bace2e3c15a0b6331d3884cc094", "fullName": "selenium_cp7#test_PC_category_empty", "labels": [{"name": "feature", "value": "Product category"}, {"name": "story", "value": "PC caregory is empty"}, {"name": "suite", "value": "selenium_cp7"}, {"name": "host", "value": "DESKTOP-RTLEB7L"}, {"name": "thread", "value": "2184-MainThread"}, {"name": "framework", "value": "pytest"}, {"name": "language", "value": "cpython3"}, {"name": "package", "value": "selenium_cp7"}]}