{"name": "Check PC category", "status": "failed", "statusDetails": {"message": "AssertionError: No element in vision ('css selector', 'div.dropdown-menu > div.dropdown-inner > ul.list-unstyled > li')", "trace": "self = <page_objects.MainPage.MainPage object at 0x0000025E6FFDC920>\nlocator = ('css selector', 'div.dropdown-menu > div.dropdown-inner > ul.list-unstyled > li')\n\n    def elements(self, locator: tuple):\n        try:\n            self.logger.debug(\n                \"%s: Check if elements %s is present\" % (self.class_name, str(locator))\n            )\n>           return WebDriverWait(self.driver, 5).until(EC.visibility_of_all_elements_located(locator))\n\nlocator    = ('css selector', 'div.dropdown-menu > div.dropdown-inner > ul.list-unstyled > li')\nself       = <page_objects.MainPage.MainPage object at 0x0000025E6FFDC920>\n\npage_objects\\BasePage.py:61: \n_ _ _ _ _ _ _ _ _ _ _ _ _ _ _ _ _ _ _ _ _ _ _ _ _ _ _ _ _ _ _ _ _ _ _ _ _ _ _\n\nself = <selenium.webdriver.support.wait.WebDriverWait (session=\"f52f8963-1635-4b07-b3d0-5f2076e88237\")>\nmethod = <function visibility_of_all_elements_located.<locals>._predicate at 0x0000025E70029620>\nmessage = ''\n\n    def until(self, method: Callable[[D], Union[Literal[False], T]], message: str = \"\") -> T:\n        \"\"\"Calls the method provided with the driver as an argument until the \\\n        return value does not evaluate to ``False``.\n    \n        :param method: callable(WebDriver)\n        :param message: optional message for :exc:`TimeoutException`\n        :returns: the result of the last call to `method`\n        :raises: :exc:`selenium.common.exceptions.TimeoutException` if timeout occurs\n        \"\"\"\n        screen = None\n        stacktrace = None\n    \n        end_time = time.monotonic() + self._timeout\n        while True:\n            try:\n                value = method(self._driver)\n                if value:\n                    return value\n            except self._ignored_exceptions as exc:\n                screen = getattr(exc, \"screen\", None)\n                stacktrace = getattr(exc, \"stacktrace\", None)\n            time.sleep(self._poll)\n            if time.monotonic() > end_time:\n                break\n>       raise TimeoutException(message, screen, stacktrace)\nE       selenium.common.exceptions.TimeoutException: Message:\n\nend_time   = 84622.203\nmessage    = ''\nmethod     = <function visibility_of_all_elements_located.<locals>._predicate at 0x0000025E70029620>\nscreen     = None\nself       = <selenium.webdriver.support.wait.WebDriverWait (session=\"f52f8963-1635-4b07-b3d0-5f2076e88237\")>\nstacktrace = None\nvalue      = False\n\nC:\\Python312\\Lib\\site-packages\\selenium\\webdriver\\support\\wait.py:105: TimeoutException\n\nDuring handling of the above exception, another exception occurred:\n\ndriver = <selenium.webdriver.remote.webdriver.WebDriver (session=\"f52f8963-1635-4b07-b3d0-5f2076e88237\")>\n\n    @allure.feature(\"Product category\")\n    @allure.story(\"PC caregory is empty\")\n    @allure.title(\"Check PC category\")\n    def test_PC_category_empty(driver):\n        MainPage(driver).open_menu(0)\n>       MainPage(driver).go_to_category_in_menu(0)\n\ndriver     = <selenium.webdriver.remote.webdriver.WebDriver (session=\"f52f8963-1635-4b07-b3d0-5f2076e88237\")>\n\nselenium_cp7.py:61: \n_ _ _ _ _ _ _ _ _ _ _ _ _ _ _ _ _ _ _ _ _ _ _ _ _ _ _ _ _ _ _ _ _ _ _ _ _ _ _\npage_objects\\MainPage.py:57: in go_to_category_in_menu\n    self.elements(self.LINKS_OPENED_MENU)[index].click()\n        index      = 0\n        self       = <page_objects.MainPage.MainPage object at 0x0000025E6FFDC920>\n_ _ _ _ _ _ _ _ _ _ _ _ _ _ _ _ _ _ _ _ _ _ _ _ _ _ _ _ _ _ _ _ _ _ _ _ _ _ _\n\nself = <page_objects.MainPage.MainPage object at 0x0000025E6FFDC920>\nlocator = ('css selector', 'div.dropdown-menu > div.dropdown-inner > ul.list-unstyled > li')\n\n    def elements(self, locator: tuple):\n        try:\n            self.logger.debug(\n                \"%s: Check if elements %s is present\" % (self.class_name, str(locator))\n            )\n            return WebDriverWait(self.driver, 5).until(EC.visibility_of_all_elements_located(locator))\n        except TimeoutException:\n>           raise AssertionError(f\"No element in vision {locator}\")\nE           AssertionError: No element in vision ('css selector', 'div.dropdown-menu > div.dropdown-inner > ul.list-unstyled > li')\n\nlocator    = ('css selector', 'div.dropdown-menu > div.dropdown-inner > ul.list-unstyled > li')\nself       = <page_objects.MainPage.MainPage object at 0x0000025E6FFDC920>\n\npage_objects\\BasePage.py:63: AssertionError"}, "attachments": [{"name": "log", "source": "28b24184-8c3a-4e17-a6f4-1fa735308cc6-attachment.txt", "type": "text/plain"}], "start": 1717800231765, "stop": 1717800237905, "uuid": "23e766be-4832-49f7-8b31-514f4192a48a", "historyId": "40943bace2e3c15a0b6331d3884cc094", "testCaseId": "40943bace2e3c15a0b6331d3884cc094", "fullName": "selenium_cp7#test_PC_category_empty", "labels": [{"name": "story", "value": "PC caregory is empty"}, {"name": "feature", "value": "Product category"}, {"name": "suite", "value": "selenium_cp7"}, {"name": "host", "value": "DESKTOP-RTLEB7L"}, {"name": "thread", "value": "34736-MainThread"}, {"name": "framework", "value": "pytest"}, {"name": "language", "value": "cpython3"}, {"name": "package", "value": "selenium_cp7"}]}